#-----------------------------------------------------------
# Vivado v2017.4 (64-bit)
# SW Build 2086221 on Fri Dec 15 20:55:39 MST 2017
# IP Build 2085800 on Fri Dec 15 22:25:07 MST 2017
# Start of session at: Sat Apr 21 04:50:36 2018
# Process ID: 1384
# Current directory: C:/Users/KANG Jian/Desktop/video_trans_pro/video_trans_source/ip/managed_ip_project
# Command line: vivado.exe -gui_launcher_event rodinguilauncherevent7476 C:\Users\KANG Jian\Desktop\video_trans_pro\video_trans_source\ip\managed_ip_project\managed_ip_project.xpr
# Log file: C:/Users/KANG Jian/Desktop/video_trans_pro/video_trans_source/ip/managed_ip_project/vivado.log
# Journal file: C:/Users/KANG Jian/Desktop/video_trans_pro/video_trans_source/ip/managed_ip_project\vivado.jou
#-----------------------------------------------------------
start_gui
open_project {C:/Users/KANG Jian/Desktop/video_trans_pro/video_trans_source/ip/managed_ip_project/managed_ip_project.xpr}
INFO: [ProjectBase 1-489] The host OS only allows 260 characters in a normal path. The project is stored in a path with more than 80 characters. If you experience issues with IP, Block Designs, or files not being found, please consider moving the project to a location with a shorter path. Alternately consider using the OS subst command to map part of the path to a drive letter.
Current project path is 'C:/Users/KANG Jian/Desktop/video_trans_pro/video_trans_source/ip/managed_ip_project'
INFO: [Project 1-313] Project file moved from 'C:/Users/KANG Jian/Desktop/video_trans_source/ip/managed_ip_project' since last save.
Scanning sources...
Finished scanning sources
INFO: [IP_Flow 19-234] Refreshing IP repositories
INFO: [IP_Flow 19-1704] No user IP repositories specified
INFO: [IP_Flow 19-2313] Loaded Vivado IP repository 'F:/Xilinx/Vivado/2017.4/data/ip'.
open_project: Time (s): cpu = 00:00:14 ; elapsed = 00:00:09 . Memory (MB): peak = 844.102 ; gain = 104.270
