#-----------------------------------------------------------
# Vivado v2017.4 (64-bit)
# SW Build 2086221 on Fri Dec 15 20:55:39 MST 2017
# IP Build 2085800 on Fri Dec 15 22:25:07 MST 2017
# Start of session at: Thu Apr 12 22:03:59 2018
# Process ID: 504
# Current directory: C:/Users/KANG Jian/Desktop/video_trans_source/ip/managed_ip_project
# Command line: vivado.exe -gui_launcher_event rodinguilauncherevent18408 C:\Users\KANG Jian\Desktop\video_trans_source\ip\managed_ip_project\managed_ip_project.xpr
# Log file: C:/Users/KANG Jian/Desktop/video_trans_source/ip/managed_ip_project/vivado.log
# Journal file: C:/Users/KANG Jian/Desktop/video_trans_source/ip/managed_ip_project\vivado.jou
#-----------------------------------------------------------
start_gui
open_project {C:/Users/KANG Jian/Desktop/video_trans_source/ip/managed_ip_project/managed_ip_project.xpr}
Scanning sources...
Finished scanning sources
INFO: [IP_Flow 19-234] Refreshing IP repositories
INFO: [IP_Flow 19-1704] No user IP repositories specified
INFO: [IP_Flow 19-2313] Loaded Vivado IP repository 'F:/Xilinx/Vivado/2017.4/data/ip'.
open_project: Time (s): cpu = 00:00:15 ; elapsed = 00:00:08 . Memory (MB): peak = 893.465 ; gain = 138.648
reset_run ex_rx_uart_tx_fifo_synth_1
launch_runs ex_rx_uart_tx_fifo_synth_1 -jobs 16
INFO: [Vivado 12-4149] The synthesis checkpoint for IP 'C:/Users/KANG Jian/Desktop/video_trans_source/ip/ex_rx_uart_tx_fifo/ex_rx_uart_tx_fifo.xci' is already up-to-date
[Thu Apr 12 22:05:13 2018] Launched ex_rx_uart_tx_fifo_synth_1...
Run output will be captured here: C:/Users/KANG Jian/Desktop/video_trans_source/ip/managed_ip_project/managed_ip_project.runs/ex_rx_uart_tx_fifo_synth_1/runme.log
exit
INFO: [Common 17-206] Exiting Vivado at Thu Apr 12 22:45:00 2018...
