#-----------------------------------------------------------
# Vivado v2017.4 (64-bit)
# SW Build 2086221 on Fri Dec 15 20:55:39 MST 2017
# IP Build 2085800 on Fri Dec 15 22:25:07 MST 2017
# Start of session at: Sat Apr 21 19:34:14 2018
# Process ID: 14036
# Current directory: C:/Users/KANG Jian/Desktop/video_trans_pro/video_trans_source/ip/managed_ip_project
# Command line: vivado.exe -gui_launcher_event rodinguilauncherevent7208 C:\Users\KANG Jian\Desktop\video_trans_pro\video_trans_source\ip\managed_ip_project\managed_ip_project.xpr
# Log file: C:/Users/KANG Jian/Desktop/video_trans_pro/video_trans_source/ip/managed_ip_project/vivado.log
# Journal file: C:/Users/KANG Jian/Desktop/video_trans_pro/video_trans_source/ip/managed_ip_project\vivado.jou
#-----------------------------------------------------------
start_gui
open_project {C:/Users/KANG Jian/Desktop/video_trans_pro/video_trans_source/ip/managed_ip_project/managed_ip_project.xpr}
INFO: [ProjectBase 1-489] The host OS only allows 260 characters in a normal path. The project is stored in a path with more than 80 characters. If you experience issues with IP, Block Designs, or files not being found, please consider moving the project to a location with a shorter path. Alternately consider using the OS subst command to map part of the path to a drive letter.
Current project path is 'C:/Users/KANG Jian/Desktop/video_trans_pro/video_trans_source/ip/managed_ip_project'
INFO: [Project 1-313] Project file moved from 'C:/Users/KANG Jian/Desktop/video_trans_source/ip/managed_ip_project' since last save.
Scanning sources...
Finished scanning sources
INFO: [IP_Flow 19-234] Refreshing IP repositories
INFO: [IP_Flow 19-1704] No user IP repositories specified
INFO: [IP_Flow 19-2313] Loaded Vivado IP repository 'F:/Xilinx/Vivado/2017.4/data/ip'.
open_project: Time (s): cpu = 00:00:13 ; elapsed = 00:00:09 . Memory (MB): peak = 861.781 ; gain = 107.324
create_ip -name fifo_generator -vendor xilinx.com -library ip -version 13.2 -module_name ex_tx_uart_rx_fifo -dir {c:/Users/KANG Jian/Desktop/video_trans_pro/video_trans_source/ip}
set_property -dict [list CONFIG.Component_Name {ex_tx_uart_rx_fifo} CONFIG.Fifo_Implementation {Independent_Clocks_Block_RAM} CONFIG.Input_Data_Width {8} CONFIG.Input_Depth {131072} CONFIG.Output_Data_Width {8} CONFIG.Output_Depth {131072} CONFIG.Reset_Pin {false} CONFIG.Reset_Type {Asynchronous_Reset} CONFIG.Full_Flags_Reset_Value {0} CONFIG.Use_Dout_Reset {false} CONFIG.Almost_Full_Flag {false} CONFIG.Almost_Empty_Flag {true} CONFIG.Data_Count_Width {17} CONFIG.Write_Data_Count_Width {17} CONFIG.Read_Data_Count_Width {17} CONFIG.Full_Threshold_Assert_Value {131069} CONFIG.Full_Threshold_Negate_Value {131068} CONFIG.Programmable_Empty_Type {Single_Programmable_Empty_Threshold_Constant} CONFIG.Empty_Threshold_Assert_Value {1349} CONFIG.Empty_Threshold_Negate_Value {1350} CONFIG.Enable_Safety_Circuit {false}] [get_ips ex_tx_uart_rx_fifo]
WARNING: [Vivado 12-3523] Attempt to change 'Component_Name' from 'ex_tx_uart_rx_fifo' to 'ex_tx_uart_rx_fifo' is not allowed and is ignored.
generate_target {instantiation_template} [get_files {{c:/Users/KANG Jian/Desktop/video_trans_pro/video_trans_source/ip/ex_tx_uart_rx_fifo/ex_tx_uart_rx_fifo.xci}}]
INFO: [IP_Flow 19-1686] Generating 'Instantiation Template' target for IP 'ex_tx_uart_rx_fifo'...
generate_target all [get_files  {{c:/Users/KANG Jian/Desktop/video_trans_pro/video_trans_source/ip/ex_tx_uart_rx_fifo/ex_tx_uart_rx_fifo.xci}}]
INFO: [IP_Flow 19-1686] Generating 'Synthesis' target for IP 'ex_tx_uart_rx_fifo'...
INFO: [IP_Flow 19-1686] Generating 'Simulation' target for IP 'ex_tx_uart_rx_fifo'...
INFO: [IP_Flow 19-1686] Generating 'Change Log' target for IP 'ex_tx_uart_rx_fifo'...
catch { config_ip_cache -export [get_ips -all ex_tx_uart_rx_fifo] }
export_ip_user_files -of_objects [get_files {{c:/Users/KANG Jian/Desktop/video_trans_pro/video_trans_source/ip/ex_tx_uart_rx_fifo/ex_tx_uart_rx_fifo.xci}}] -no_script -sync -force -quiet
create_ip_run [get_files -of_objects [get_fileset sources_1] {{c:/Users/KANG Jian/Desktop/video_trans_pro/video_trans_source/ip/ex_tx_uart_rx_fifo/ex_tx_uart_rx_fifo.xci}}]
launch_runs -jobs 16 ex_tx_uart_rx_fifo_synth_1
[Sat Apr 21 20:07:24 2018] Launched ex_tx_uart_rx_fifo_synth_1...
Run output will be captured here: C:/Users/KANG Jian/Desktop/video_trans_pro/video_trans_source/ip/managed_ip_project/managed_ip_project.runs/ex_tx_uart_rx_fifo_synth_1/runme.log
export_simulation -of_objects [get_files {{c:/Users/KANG Jian/Desktop/video_trans_pro/video_trans_source/ip/ex_tx_uart_rx_fifo/ex_tx_uart_rx_fifo.xci}}] -directory {C:/Users/KANG Jian/Desktop/video_trans_pro/video_trans_source/ip/ip_user_files/sim_scripts} -ip_user_files_dir {C:/Users/KANG Jian/Desktop/video_trans_pro/video_trans_source/ip/ip_user_files} -ipstatic_source_dir {C:/Users/KANG Jian/Desktop/video_trans_pro/video_trans_source/ip/ip_user_files/ipstatic} -lib_map_path [list {modelsim=C:/Users/KANG Jian/Desktop/video_trans_pro/video_trans_source/ip/managed_ip_project/managed_ip_project.cache/compile_simlib/modelsim} {questa=C:/Users/KANG Jian/Desktop/video_trans_pro/video_trans_source/ip/managed_ip_project/managed_ip_project.cache/compile_simlib/questa} {riviera=C:/Users/KANG Jian/Desktop/video_trans_pro/video_trans_source/ip/managed_ip_project/managed_ip_project.cache/compile_simlib/riviera} {activehdl=C:/Users/KANG Jian/Desktop/video_trans_pro/video_trans_source/ip/managed_ip_project/managed_ip_project.cache/compile_simlib/activehdl}] -use_ip_compiled_libs -force -quiet
exit
INFO: [Common 17-206] Exiting Vivado at Sat Apr 21 20:11:15 2018...
