#-----------------------------------------------------------
# Vivado v2017.4 (64-bit)
# SW Build 2086221 on Fri Dec 15 20:55:39 MST 2017
# IP Build 2085800 on Fri Dec 15 22:25:07 MST 2017
# Start of session at: Thu Apr 12 16:45:57 2018
# Process ID: 17580
# Current directory: C:/Users/KANG Jian/Desktop/video_trans_source/ip/managed_ip_project
# Command line: vivado.exe -gui_launcher_event rodinguilauncherevent13908 C:\Users\KANG Jian\Desktop\video_trans_source\ip\managed_ip_project\managed_ip_project.xpr
# Log file: C:/Users/KANG Jian/Desktop/video_trans_source/ip/managed_ip_project/vivado.log
# Journal file: C:/Users/KANG Jian/Desktop/video_trans_source/ip/managed_ip_project\vivado.jou
#-----------------------------------------------------------
start_gui
open_project {C:/Users/KANG Jian/Desktop/video_trans_source/ip/managed_ip_project/managed_ip_project.xpr}
Scanning sources...
Finished scanning sources
INFO: [IP_Flow 19-234] Refreshing IP repositories
INFO: [IP_Flow 19-1704] No user IP repositories specified
INFO: [IP_Flow 19-2313] Loaded Vivado IP repository 'F:/Xilinx/Vivado/2017.4/data/ip'.
open_project: Time (s): cpu = 00:00:14 ; elapsed = 00:00:07 . Memory (MB): peak = 893.172 ; gain = 136.691
set_property -dict [list CONFIG.Performance_Options {First_Word_Fall_Through} CONFIG.Use_Extra_Logic {false} CONFIG.Write_Data_Count_Width {13} CONFIG.Read_Data_Count {false} CONFIG.Read_Data_Count_Width {13} CONFIG.Full_Threshold_Assert_Value {8191} CONFIG.Full_Threshold_Negate_Value {8190} CONFIG.Empty_Threshold_Assert_Value {4} CONFIG.Empty_Threshold_Negate_Value {5}] [get_ips ex_rx_uart_tx_fifo]
generate_target all [get_files  {{C:/Users/KANG Jian/Desktop/video_trans_source/ip/ex_rx_uart_tx_fifo/ex_rx_uart_tx_fifo.xci}}]
INFO: [IP_Flow 19-1686] Generating 'Instantiation Template' target for IP 'ex_rx_uart_tx_fifo'...
INFO: [IP_Flow 19-1686] Generating 'Synthesis' target for IP 'ex_rx_uart_tx_fifo'...
INFO: [IP_Flow 19-1686] Generating 'Simulation' target for IP 'ex_rx_uart_tx_fifo'...
INFO: [IP_Flow 19-1686] Generating 'Change Log' target for IP 'ex_rx_uart_tx_fifo'...
catch { config_ip_cache -export [get_ips -all ex_rx_uart_tx_fifo] }
export_ip_user_files -of_objects [get_files {{C:/Users/KANG Jian/Desktop/video_trans_source/ip/ex_rx_uart_tx_fifo/ex_rx_uart_tx_fifo.xci}}] -no_script -sync -force -quiet
reset_run ex_rx_uart_tx_fifo_synth_1
launch_runs -jobs 16 ex_rx_uart_tx_fifo_synth_1
[Thu Apr 12 16:47:32 2018] Launched ex_rx_uart_tx_fifo_synth_1...
Run output will be captured here: C:/Users/KANG Jian/Desktop/video_trans_source/ip/managed_ip_project/managed_ip_project.runs/ex_rx_uart_tx_fifo_synth_1/runme.log
export_simulation -of_objects [get_files {{C:/Users/KANG Jian/Desktop/video_trans_source/ip/ex_rx_uart_tx_fifo/ex_rx_uart_tx_fifo.xci}}] -directory {C:/Users/KANG Jian/Desktop/video_trans_source/ip/ip_user_files/sim_scripts} -ip_user_files_dir {C:/Users/KANG Jian/Desktop/video_trans_source/ip/ip_user_files} -ipstatic_source_dir {C:/Users/KANG Jian/Desktop/video_trans_source/ip/ip_user_files/ipstatic} -lib_map_path [list {modelsim=C:/Users/KANG Jian/Desktop/video_trans_source/ip/managed_ip_project/managed_ip_project.cache/compile_simlib/modelsim} {questa=C:/Users/KANG Jian/Desktop/video_trans_source/ip/managed_ip_project/managed_ip_project.cache/compile_simlib/questa} {riviera=C:/Users/KANG Jian/Desktop/video_trans_source/ip/managed_ip_project/managed_ip_project.cache/compile_simlib/riviera} {activehdl=C:/Users/KANG Jian/Desktop/video_trans_source/ip/managed_ip_project/managed_ip_project.cache/compile_simlib/activehdl}] -use_ip_compiled_libs -force -quiet
exit
INFO: [Common 17-206] Exiting Vivado at Thu Apr 12 16:50:09 2018...
